============================================================
Time  2024/06/23 23:24:24 645 
============================================================
[2024/06/23 23:24:24 646] lgi        684  SYS_MSG_LOAD  
[2024/06/23 23:24:24 650] lgi        706  SYS_MSG_REGCB  msp_status_cb  func(6c0136b0) 
[2024/06/23 23:24:24 653] lgi        298  LGI_MSG_INIT  
[2024/06/23 23:24:24 654] lgi        305  lgi  lgi_  268436457  1573451739  
[2024/06/23 23:24:24 655] lgi        403  token:  nil  
[2024/06/23 23:24:24 656] lgi        476  msc cver : 5.0.44.1288  
[2024/06/23 23:24:24 658] lgi        519  ns_enable=  1  
[2024/06/23 23:24:24 658] lgi        531  prot_ver=1  
[2024/06/23 23:24:24 659] lgi        542  prot_type=tcp  
[2024/06/23 23:24:24 662] lgi        693  SYS_MSG_UNLOAD  go bg!  
============================================================
Time  2024/06/23 23:25:13 984 
============================================================
[2024/06/23 23:25:13 984] lgi        684  SYS_MSG_LOAD  
[2024/06/23 23:25:13 989] lgi        706  SYS_MSG_REGCB  msp_status_cb  func(700136b0) 
[2024/06/23 23:25:13 994] lgi        298  LGI_MSG_INIT  
[2024/06/23 23:25:13 994] lgi        305  lgi  lgi_  268436457  1573451739  
[2024/06/23 23:25:13 996] lgi        403  token:  nil  
[2024/06/23 23:25:13 997] lgi        476  msc cver : 5.0.44.1288  
[2024/06/23 23:25:13 998] lgi        519  ns_enable=  1  
[2024/06/23 23:25:13 999] lgi        531  prot_ver=1  
[2024/06/23 23:25:14 000] lgi        542  prot_type=tcp  
[2024/06/23 23:25:14 002] lgi        693  SYS_MSG_UNLOAD  go bg!  
============================================================
Time  2024/06/23 23:25:19 250 
============================================================
[2024/06/23 23:25:19 250] lgi        684  SYS_MSG_LOAD  
[2024/06/23 23:25:19 254] lgi        706  SYS_MSG_REGCB  msp_status_cb  func(840136b0) 
[2024/06/23 23:25:19 258] lgi        298  LGI_MSG_INIT  
[2024/06/23 23:25:19 259] lgi        305  lgi  lgi_  268436457  1573451739  
[2024/06/23 23:25:19 261] lgi        403  token:  nil  
[2024/06/23 23:25:19 261] lgi        476  msc cver : 5.0.44.1288  
[2024/06/23 23:25:19 262] lgi        519  ns_enable=  1  
[2024/06/23 23:25:19 262] lgi        531  prot_ver=1  
[2024/06/23 23:25:19 263] lgi        542  prot_type=tcp  
[2024/06/23 23:25:19 266] lgi        693  SYS_MSG_UNLOAD  go bg!  
