============================================================
Time  2024/06/23 23:25:19 320 
============================================================
[2024/06/23 23:25:19 321] isr_local  2211 os_type is:  Linux  
[2024/06/23 23:25:19 322] isr_local  2220 SYS_MSG_LOAD_LOCAL  
[2024/06/23 23:25:19 323] isr_local  2249 SYS_MSG_REGCB_LOCAL| param0 =  msp_status_cb  
[2024/06/23 23:25:19 326] isr_local  2249 SYS_MSG_REGCB_LOCAL| param0 =  build_grm_cb  
[2024/06/23 23:25:19 328] isr_local  2262 ASR_LOCAL_MSG_BUILD_GRM  
[2024/06/23 23:25:19 329] isr_local  1903 grm_init | params:  engine_type = local, 		asr_res_path = fo|res/asr/common.jet, sample_rate = 16000, 		grm_build_path = res/asr/GrmBuilld,   
[2024/06/23 23:25:19 329] isr_local  805  engine_type  :  local  
[2024/06/23 23:25:19 330] isr_local  805  asr_res_path  :  fo|res/asr/common.jet  
[2024/06/23 23:25:19 330] isr_local  805  sample_rate  :  16000  
[2024/06/23 23:25:19 331] isr_local  805  grm_build_path  :  res/asr/GrmBuilld  
[2024/06/23 23:25:19 335] isr_local  1002 file count =   1  
[2024/06/23 23:25:19 335] isr_local  925  file open type is:   fo  
[2024/06/23 23:25:19 336] isr_local  958  res/asr/common.jet  0  0  
[2024/06/23 23:25:19 337] isr_local  1020 speech_plus_setting  0  
[2024/06/23 23:25:19 337] isr_local  1033 2  nil  res/asr/common.jet  0  0  
[2024/06/23 23:25:19 339] isr_local  1035 res_ver  2  
[2024/06/23 23:25:19 340] isr_local  1036 res 5  84b26605127daf21e78f49c0d2a659ec  
[2024/06/23 23:25:19 341] isr_local  1037 res_new_old_mark  v5pp  
[2024/06/23 23:25:19 342] isr_local  1038 res_usr_name  ""  
[2024/06/23 23:25:19 342] isr_local  1039 res_expires  1726985029  
[2024/06/23 23:25:19 343] isr_local  1040 err  0  
[2024/06/23 23:25:19 344] isr_local  1071 now expires:  1719210319  1726985029  
[2024/06/23 23:25:19 354] isr_local  1644 proc_retcode_grm | errorcode =  0  
[2024/06/23 23:25:19 384] isr_local  2022 grammar id:call  
[2024/06/23 23:25:19 386] isr_local  1636 onGrmLocalServiceCb  0  call  
