============================================================
Time  2024/06/23 23:25:24 485 
============================================================
[2024/06/23 23:25:24 486] isr_local  2211 os_type is:  Linux  
[2024/06/23 23:25:24 487] isr_local  2220 SYS_MSG_LOAD_LOCAL  
[2024/06/23 23:25:24 489] isr_local  2249 SYS_MSG_REGCB_LOCAL| param0 =  msp_status_cb  
[2024/06/23 23:25:24 493] isr_local  2249 SYS_MSG_REGCB_LOCAL| param0 =  update_lex_cb  
[2024/06/23 23:25:24 495] isr_local  2275 ASR_LOCAL_MSG_UPDATE_LEX  
[2024/06/23 23:25:24 496] isr_local  1903 grm_init | params:  engine_type = local, text_encoding = UTF-8, 		asr_res_path = fo|res/asr/common.jet, sample_rate = 16000, 		grm_build_path = res/asr/GrmBuilld, grammar_list = call,   
[2024/06/23 23:25:24 497] isr_local  805  engine_type  :  local  
[2024/06/23 23:25:24 498] isr_local  805  text_encoding  :  UTF-8  
[2024/06/23 23:25:24 498] isr_local  805  asr_res_path  :  fo|res/asr/common.jet  
[2024/06/23 23:25:24 499] isr_local  805  sample_rate  :  16000  
[2024/06/23 23:25:24 499] isr_local  805  grm_build_path  :  res/asr/GrmBuilld  
[2024/06/23 23:25:24 500] isr_local  805  grammar_list  :  call  
[2024/06/23 23:25:24 502] isr_local  1002 file count =   1  
[2024/06/23 23:25:24 503] isr_local  925  file open type is:   fo  
[2024/06/23 23:25:24 503] isr_local  958  res/asr/common.jet  0  0  
[2024/06/23 23:25:24 504] isr_local  1020 speech_plus_setting  0  
[2024/06/23 23:25:24 504] isr_local  1033 2  nil  res/asr/common.jet  0  0  
[2024/06/23 23:25:24 507] isr_local  1035 res_ver  2  
[2024/06/23 23:25:24 508] isr_local  1036 res 5  84b26605127daf21e78f49c0d2a659ec  
[2024/06/23 23:25:24 509] isr_local  1037 res_new_old_mark  v5pp  
[2024/06/23 23:25:24 510] isr_local  1038 res_usr_name  ""  
[2024/06/23 23:25:24 510] isr_local  1039 res_expires  1726985029  
[2024/06/23 23:25:24 511] isr_local  1040 err  0  
[2024/06/23 23:25:24 512] isr_local  1071 now expires:  1719210324  1726985029  
[2024/06/23 23:25:24 517] isr_local  2284 update dict  
[2024/06/23 23:25:24 519] isr_local  1760 contact  call  
[2024/06/23 23:25:24 529] isr_local  1811 grm_list grm name:   call  
[2024/06/23 23:25:24 529] isr_local  1644 proc_retcode_grm | errorcode =  0  
[2024/06/23 23:25:24 549] isr_local  2022 grammar id:call  
[2024/06/23 23:25:24 550] isr_local  1636 onGrmLocalServiceCb  0  call  
